{
  "Cucumber Features": {
    "coverage": {
      "/Users/good/RubymineProjects/hw-acceptance-unit-test-cycle/rottenpotatoes/app/models/movie.rb": [
        1,
        1,
        14,
        null,
        null
      ],
      "/Users/good/RubymineProjects/hw-acceptance-unit-test-cycle/rottenpotatoes/app/controllers/movies_controller.rb": [
        1,
        null,
        1,
        2,
        null,
        null,
        1,
        4,
        4,
        null,
        null,
        null,
        1,
        14,
        14,
        null,
        2,
        null,
        2,
        null,
        14,
        14,
        null,
        14,
        48,
        null,
        null,
        14,
        3,
        3,
        3,
        null,
        11,
        null,
        null,
        1,
        null,
        null,
        null,
        1,
        1,
        1,
        1,
        null,
        null,
        1,
        1,
        null,
        null,
        1,
        1,
        1,
        1,
        1,
        null,
        null,
        1,
        1,
        1,
        1,
        1,
        null,
        null,
        1,
        2,
        2,
        2,
        1,
        1,
        null,
        2,
        null,
        null,
        null
      ],
      "/Users/good/RubymineProjects/hw-acceptance-unit-test-cycle/rottenpotatoes/app/controllers/application_controller.rb": [
        1,
        1,
        null
      ],
      "/Users/good/RubymineProjects/hw-acceptance-unit-test-cycle/rottenpotatoes/app/helpers/application_helper.rb": [
        1,
        null
      ],
      "/Users/good/RubymineProjects/hw-acceptance-unit-test-cycle/rottenpotatoes/app/helpers/movies_helper.rb": [
        1,
        null,
        1,
        0,
        null,
        null
      ]
    },
    "timestamp": 1490132625
  },
  "RSpec": {
    "coverage": {
      "/Users/good/RubymineProjects/hw-acceptance-unit-test-cycle/rottenpotatoes/app/controllers/movies_controller.rb": [
        1,
        null,
        1,
        2,
        null,
        null,
        1,
        1,
        1,
        null,
        null,
        null,
        1,
        3,
        3,
        null,
        0,
        null,
        0,
        null,
        3,
        3,
        null,
        3,
        18,
        null,
        null,
        3,
        0,
        0,
        0,
        null,
        3,
        null,
        null,
        1,
        null,
        null,
        null,
        1,
        1,
        1,
        1,
        null,
        null,
        1,
        1,
        null,
        null,
        1,
        1,
        1,
        1,
        1,
        null,
        null,
        1,
        0,
        0,
        0,
        0,
        null,
        null,
        1,
        0,
        0,
        0,
        0,
        0,
        null,
        0,
        null,
        null,
        null
      ],
      "/Users/good/RubymineProjects/hw-acceptance-unit-test-cycle/rottenpotatoes/app/controllers/application_controller.rb": [
        1,
        1,
        null
      ],
      "/Users/good/RubymineProjects/hw-acceptance-unit-test-cycle/rottenpotatoes/app/models/movie.rb": [
        1,
        1,
        3,
        null,
        null
      ],
      "/Users/good/RubymineProjects/hw-acceptance-unit-test-cycle/rottenpotatoes/app/helpers/application_helper.rb": [
        0,
        0
      ],
      "/Users/good/RubymineProjects/hw-acceptance-unit-test-cycle/rottenpotatoes/app/helpers/movies_helper.rb": [
        0,
        0,
        0,
        0,
        0,
        0
      ]
    },
    "timestamp": 1490132642
  }
}
